<?xml version="1.0" encoding="UTF-8"?>
<!-- Generated by org.testng.reporters.JUnitXMLReporter -->
<testsuite hostname="SANDEEP" ignored="0" name="Surefire test" tests="4" failures="0" timestamp="13 Aug 2020 11:56:09 GMT" time="19.094" errors="0">
  <testcase name="@BeforeTest intializeBrowser" time="19.045" classname="Tutorial.SeleniumAutomation.ClickEventsTest">
    <failure type="org.openqa.selenium.WebDriverException" message="chrome not reachable
  (Session info: chrome=84.0.4147.125)
Build info: version: &amp;apos;3.141.59&amp;apos;, revision: &amp;apos;e82be7d358&amp;apos;, time: &amp;apos;2018-11-14T08:17:03&amp;apos;
System info: host: &amp;apos;SANDEEP&amp;apos;, ip: &amp;apos;192.168.42.203&amp;apos;, os.name: &amp;apos;Windows 8.1&amp;apos;, os.arch: &amp;apos;x86&amp;apos;, os.version: &amp;apos;6.3&amp;apos;, java.version: &amp;apos;1.8.0_251&amp;apos;
Driver info: org.openqa.selenium.chrome.ChromeDriver
Capabilities {acceptInsecureCerts: false, browserName: chrome, browserVersion: 84.0.4147.125, chrome: {chromedriverVersion: 84.0.4147.30 (48b3e868b4cc0..., userDataDir: C:\Users\SANDEE~1\AppData\L...}, goog:chromeOptions: {debuggerAddress: localhost:49562}, javascriptEnabled: true, networkConnectionEnabled: false, pageLoadStrategy: normal, platform: WINDOWS, platformName: WINDOWS, proxy: Proxy(), setWindowRect: true, strictFileInteractability: false, timeouts: {implicit: 0, pageLoad: 300000, script: 30000}, unhandledPromptBehavior: dismiss and notify, webauthn:virtualAuthenticators: true}
Session ID: 48d8aa69633cd7e6a69f964384581d60">
      <![CDATA[org.openqa.selenium.WebDriverException: chrome not reachable
  (Session info: chrome=84.0.4147.125)
Build info: version: '3.141.59', revision: 'e82be7d358', time: '2018-11-14T08:17:03'
System info: host: 'SANDEEP', ip: '192.168.42.203', os.name: 'Windows 8.1', os.arch: 'x86', os.version: '6.3', java.version: '1.8.0_251'
Driver info: org.openqa.selenium.chrome.ChromeDriver
Capabilities {acceptInsecureCerts: false, browserName: chrome, browserVersion: 84.0.4147.125, chrome: {chromedriverVersion: 84.0.4147.30 (48b3e868b4cc0..., userDataDir: C:\Users\SANDEE~1\AppData\L...}, goog:chromeOptions: {debuggerAddress: localhost:49562}, javascriptEnabled: true, networkConnectionEnabled: false, pageLoadStrategy: normal, platform: WINDOWS, platformName: WINDOWS, proxy: Proxy(), setWindowRect: true, strictFileInteractability: false, timeouts: {implicit: 0, pageLoad: 300000, script: 30000}, unhandledPromptBehavior: dismiss and notify, webauthn:virtualAuthenticators: true}
Session ID: 48d8aa69633cd7e6a69f964384581d60
at org.openqa.selenium.remote.http.W3CHttpResponseCodec.createException(W3CHttpResponseCodec.java:187)
at org.openqa.selenium.remote.http.W3CHttpResponseCodec.decode(W3CHttpResponseCodec.java:122)
at org.openqa.selenium.remote.http.W3CHttpResponseCodec.decode(W3CHttpResponseCodec.java:49)
at org.openqa.selenium.remote.HttpCommandExecutor.execute(HttpCommandExecutor.java:158)
at org.openqa.selenium.remote.service.DriverCommandExecutor.execute(DriverCommandExecutor.java:83)
at org.openqa.selenium.remote.RemoteWebDriver.execute(RemoteWebDriver.java:552)
at org.openqa.selenium.remote.RemoteWebDriver.execute(RemoteWebDriver.java:609)
at org.openqa.selenium.remote.RemoteWebDriver$RemoteWebDriverOptions$RemoteWindow.maximize(RemoteWebDriver.java:837)
at Tutorial.SeleniumAutomation.Base.browserSetup(Base.java:40)
at Tutorial.SeleniumAutomation.ClickEventsTest.intializeBrowser(ClickEventsTest.java:20)
... Removed 33 stack frames]]>
    </failure>
  </testcase> <!-- @BeforeTest intializeBrowser -->
  <testcase name="@BeforeTest initialize" time="0.0" classname="Tutorial.SeleniumAutomation.WindowHandlingTest">
    <skipped/>
  </testcase> <!-- @BeforeTest initialize -->
  <testcase name="@AfterMethod chechStatus" time="0.0" classname="Tutorial.SeleniumAutomation.ClickEventsTest">
    <skipped/>
  </testcase> <!-- @AfterMethod chechStatus -->
  <testcase name="@AfterMethod chechStatus" time="0.0" classname="Tutorial.SeleniumAutomation.WindowHandlingTest">
    <skipped/>
  </testcase> <!-- @AfterMethod chechStatus -->
  <testcase name="@AfterMethod chechStatus" time="0.0" classname="Tutorial.SeleniumAutomation.ClickEventsTest">
    <skipped/>
  </testcase> <!-- @AfterMethod chechStatus -->
  <testcase name="@AfterMethod chechStatus" time="0.0" classname="Tutorial.SeleniumAutomation.ClickEventsTest">
    <skipped/>
  </testcase> <!-- @AfterMethod chechStatus -->
  <testcase name="@AfterTest close" time="0.0" classname="Tutorial.SeleniumAutomation.ClickEventsTest">
    <skipped/>
  </testcase> <!-- @AfterTest close -->
  <testcase name="@AfterTest close" time="0.0" classname="Tutorial.SeleniumAutomation.WindowHandlingTest">
    <skipped/>
  </testcase> <!-- @AfterTest close -->
  <testcase name="clickOnButton" time="0.0" classname="Tutorial.SeleniumAutomation.ClickEventsTest">
    <skipped/>
  </testcase> <!-- clickOnButton -->
  <testcase name="handleWindow" time="0.0" classname="Tutorial.SeleniumAutomation.WindowHandlingTest">
    <skipped/>
  </testcase> <!-- handleWindow -->
  <testcase name="rightClickOnButton" time="0.0" classname="Tutorial.SeleniumAutomation.ClickEventsTest">
    <skipped/>
  </testcase> <!-- rightClickOnButton -->
  <testcase name="doubleClickOnButton" time="0.0" classname="Tutorial.SeleniumAutomation.ClickEventsTest">
    <skipped/>
  </testcase> <!-- doubleClickOnButton -->
</testsuite> <!-- Surefire test -->
