<?xml version="1.0" encoding="UTF-8"?>
<!-- Generated by org.testng.reporters.JUnitXMLReporter -->
<testsuite hostname="SANDEEP" ignored="0" name="testngTest" tests="4" failures="2" timestamp="10 Aug 2020 10:53:41 GMT" time="74.036" errors="0">
  <testcase name="@AfterMethod chechStatus" time="4.013" classname="Tutorial.SeleniumAutomation.ClickEventsTest">
    <failure type="org.openqa.selenium.WebDriverException" message="chrome not reachable
  (Session info: chrome=84.0.4147.89)
Build info: version: &amp;apos;3.141.59&amp;apos;, revision: &amp;apos;e82be7d358&amp;apos;, time: &amp;apos;2018-11-14T08:17:03&amp;apos;
System info: host: &amp;apos;SANDEEP&amp;apos;, ip: &amp;apos;192.168.42.203&amp;apos;, os.name: &amp;apos;Windows 8.1&amp;apos;, os.arch: &amp;apos;x86&amp;apos;, os.version: &amp;apos;6.3&amp;apos;, java.version: &amp;apos;1.8.0_251&amp;apos;
Driver info: org.openqa.selenium.chrome.ChromeDriver
Capabilities {acceptInsecureCerts: false, browserName: chrome, browserVersion: 84.0.4147.89, chrome: {chromedriverVersion: 84.0.4147.30 (48b3e868b4cc0..., userDataDir: C:\Users\SANDEE~1\AppData\L...}, goog:chromeOptions: {debuggerAddress: localhost:52876}, javascriptEnabled: true, networkConnectionEnabled: false, pageLoadStrategy: normal, platform: WINDOWS, platformName: WINDOWS, proxy: Proxy(), setWindowRect: true, strictFileInteractability: false, timeouts: {implicit: 0, pageLoad: 300000, script: 30000}, unhandledPromptBehavior: dismiss and notify, webauthn:virtualAuthenticators: true}
Session ID: f8a0428231adabb9128f779ac98bb4d2">
      <![CDATA[org.openqa.selenium.WebDriverException: chrome not reachable
  (Session info: chrome=84.0.4147.89)
Build info: version: '3.141.59', revision: 'e82be7d358', time: '2018-11-14T08:17:03'
System info: host: 'SANDEEP', ip: '192.168.42.203', os.name: 'Windows 8.1', os.arch: 'x86', os.version: '6.3', java.version: '1.8.0_251'
Driver info: org.openqa.selenium.chrome.ChromeDriver
Capabilities {acceptInsecureCerts: false, browserName: chrome, browserVersion: 84.0.4147.89, chrome: {chromedriverVersion: 84.0.4147.30 (48b3e868b4cc0..., userDataDir: C:\Users\SANDEE~1\AppData\L...}, goog:chromeOptions: {debuggerAddress: localhost:52876}, javascriptEnabled: true, networkConnectionEnabled: false, pageLoadStrategy: normal, platform: WINDOWS, platformName: WINDOWS, proxy: Proxy(), setWindowRect: true, strictFileInteractability: false, timeouts: {implicit: 0, pageLoad: 300000, script: 30000}, unhandledPromptBehavior: dismiss and notify, webauthn:virtualAuthenticators: true}
Session ID: f8a0428231adabb9128f779ac98bb4d2
at org.openqa.selenium.remote.http.W3CHttpResponseCodec.createException(W3CHttpResponseCodec.java:187)
at org.openqa.selenium.remote.http.W3CHttpResponseCodec.decode(W3CHttpResponseCodec.java:122)
at org.openqa.selenium.remote.http.W3CHttpResponseCodec.decode(W3CHttpResponseCodec.java:49)
at org.openqa.selenium.remote.HttpCommandExecutor.execute(HttpCommandExecutor.java:158)
at org.openqa.selenium.remote.service.DriverCommandExecutor.execute(DriverCommandExecutor.java:83)
at org.openqa.selenium.remote.RemoteWebDriver.execute(RemoteWebDriver.java:552)
at org.openqa.selenium.remote.RemoteWebDriver.execute(RemoteWebDriver.java:609)
at org.openqa.selenium.remote.RemoteWebDriver.getScreenshotAs(RemoteWebDriver.java:295)
at Tutorial.SeleniumAutomation.Base.captureScreenshot(Base.java:64)
at Tutorial.SeleniumAutomation.ClickEventsTest.chechStatus(ClickEventsTest.java:43)
... Removed 32 stack frames]]>
    </failure>
  </testcase> <!-- @AfterMethod chechStatus -->
  <testcase name="@AfterMethod chechStatus" time="0.0" classname="Tutorial.SeleniumAutomation.ClickEventsTest">
    <skipped/>
  </testcase> <!-- @AfterMethod chechStatus -->
  <testcase name="@AfterTest close" time="0.0" classname="Tutorial.SeleniumAutomation.ClickEventsTest">
    <skipped/>
  </testcase> <!-- @AfterTest close -->
  <testcase name="@AfterTest close" time="0.0" classname="Tutorial.SeleniumAutomation.WindowHandlingTest">
    <skipped/>
  </testcase> <!-- @AfterTest close -->
  <testcase name="clickOnButton" time="15.279" classname="Tutorial.SeleniumAutomation.ClickEventsTest">
    <failure type="junit.framework.AssertionFailedError" message="Expected condition failed: waiting for element to be clickable: Proxy element for: DefaultElementLocator &amp;apos;By.xpath: //button[text()=&amp;apos;Click Me&amp;apos;]&amp;apos; (tried for 15 second(s) with 500 milliseconds interval)">
      <![CDATA[junit.framework.AssertionFailedError: Expected condition failed: waiting for element to be clickable: Proxy element for: DefaultElementLocator 'By.xpath: //button[text()='Click Me']' (tried for 15 second(s) with 500 milliseconds interval)
at junit.framework.Assert.fail(Assert.java:47)
at Tutorial.SeleniumAutomation.Base.click(Base.java:84)
at Tutorial.SeleniumAutomation.Page.ClickEventsPage.singleclick(ClickEventsPage.java:29)
at Tutorial.SeleniumAutomation.ClickEventsTest.clickOnButton(ClickEventsTest.java:25)
... Removed 25 stack frames]]>
    </failure>
  </testcase> <!-- clickOnButton -->
  <testcase name="handleWindow" time="2.435" classname="Tutorial.SeleniumAutomation.WindowHandlingTest"/>
  <testcase name="rightClickOnButton" time="18.14" classname="Tutorial.SeleniumAutomation.ClickEventsTest">
    <failure type="junit.framework.AssertionFailedError" message="chrome not reachable
  (Session info: chrome=84.0.4147.89)
Build info: version: &amp;apos;3.141.59&amp;apos;, revision: &amp;apos;e82be7d358&amp;apos;, time: &amp;apos;2018-11-14T08:17:03&amp;apos;
System info: host: &amp;apos;SANDEEP&amp;apos;, ip: &amp;apos;192.168.42.203&amp;apos;, os.name: &amp;apos;Windows 8.1&amp;apos;, os.arch: &amp;apos;x86&amp;apos;, os.version: &amp;apos;6.3&amp;apos;, java.version: &amp;apos;1.8.0_251&amp;apos;
Driver info: org.openqa.selenium.chrome.ChromeDriver
Capabilities {acceptInsecureCerts: false, browserName: chrome, browserVersion: 84.0.4147.89, chrome: {chromedriverVersion: 84.0.4147.30 (48b3e868b4cc0..., userDataDir: C:\Users\SANDEE~1\AppData\L...}, goog:chromeOptions: {debuggerAddress: localhost:52876}, javascriptEnabled: true, networkConnectionEnabled: false, pageLoadStrategy: normal, platform: WINDOWS, platformName: WINDOWS, proxy: Proxy(), setWindowRect: true, strictFileInteractability: false, timeouts: {implicit: 0, pageLoad: 300000, script: 30000}, unhandledPromptBehavior: dismiss and notify, webauthn:virtualAuthenticators: true}
Session ID: f8a0428231adabb9128f779ac98bb4d2
*** Element info: {Using=id, value=rightClickBtn}">
      <![CDATA[junit.framework.AssertionFailedError: chrome not reachable
  (Session info: chrome=84.0.4147.89)
Build info: version: '3.141.59', revision: 'e82be7d358', time: '2018-11-14T08:17:03'
System info: host: 'SANDEEP', ip: '192.168.42.203', os.name: 'Windows 8.1', os.arch: 'x86', os.version: '6.3', java.version: '1.8.0_251'
Driver info: org.openqa.selenium.chrome.ChromeDriver
Capabilities {acceptInsecureCerts: false, browserName: chrome, browserVersion: 84.0.4147.89, chrome: {chromedriverVersion: 84.0.4147.30 (48b3e868b4cc0..., userDataDir: C:\Users\SANDEE~1\AppData\L...}, goog:chromeOptions: {debuggerAddress: localhost:52876}, javascriptEnabled: true, networkConnectionEnabled: false, pageLoadStrategy: normal, platform: WINDOWS, platformName: WINDOWS, proxy: Proxy(), setWindowRect: true, strictFileInteractability: false, timeouts: {implicit: 0, pageLoad: 300000, script: 30000}, unhandledPromptBehavior: dismiss and notify, webauthn:virtualAuthenticators: true}
Session ID: f8a0428231adabb9128f779ac98bb4d2
*** Element info: {Using=id, value=rightClickBtn}
at junit.framework.Assert.fail(Assert.java:47)
at Tutorial.SeleniumAutomation.Base.rightClick(Base.java:99)
at Tutorial.SeleniumAutomation.Page.ClickEventsPage.rightClick(ClickEventsPage.java:38)
at Tutorial.SeleniumAutomation.ClickEventsTest.rightClickOnButton(ClickEventsTest.java:30)
... Removed 25 stack frames]]>
    </failure>
  </testcase> <!-- rightClickOnButton -->
  <testcase name="doubleClickOnButton" time="0.0" classname="Tutorial.SeleniumAutomation.ClickEventsTest">
    <skipped/>
  </testcase> <!-- doubleClickOnButton -->
</testsuite> <!-- testngTest -->
